Determining if the pthread_create exist failed with the following output:
Change Dir: /home/robotics/ChrisEitutis/IGVC/rosTutorial/catkin_ws/build/CMakeFiles/CMakeTmp

Run Build Command:"/usr/bin/make" "cmTC_48737/fast"
/usr/bin/make -f CMakeFiles/cmTC_48737.dir/build.make CMakeFiles/cmTC_48737.dir/build
make[1]: Entering directory '/home/robotics/ChrisEitutis/IGVC/rosTutorial/catkin_ws/build/CMakeFiles/CMakeTmp'
Building C object CMakeFiles/cmTC_48737.dir/CheckSymbolExists.c.o
/usr/bin/cc     -o CMakeFiles/cmTC_48737.dir/CheckSymbolExists.c.o   -c /home/robotics/ChrisEitutis/IGVC/rosTutorial/catkin_ws/build/CMakeFiles/CMakeTmp/CheckSymbolExists.c
Linking C executable cmTC_48737
/usr/bin/cmake -E cmake_link_script CMakeFiles/cmTC_48737.dir/link.txt --verbose=1
/usr/bin/cc       CMakeFiles/cmTC_48737.dir/CheckSymbolExists.c.o  -o cmTC_48737 -rdynamic 
CMakeFiles/cmTC_48737.dir/CheckSymbolExists.c.o: In function `main':
CheckSymbolExists.c:(.text+0x16): undefined reference to `pthread_create'
collect2: error: ld returned 1 exit status
CMakeFiles/cmTC_48737.dir/build.make:97: recipe for target 'cmTC_48737' failed
make[1]: *** [cmTC_48737] Error 1
make[1]: Leaving directory '/home/robotics/ChrisEitutis/IGVC/rosTutorial/catkin_ws/build/CMakeFiles/CMakeTmp'
Makefile:126: recipe for target 'cmTC_48737/fast' failed
make: *** [cmTC_48737/fast] Error 2

File /home/robotics/ChrisEitutis/IGVC/rosTutorial/catkin_ws/build/CMakeFiles/CMakeTmp/CheckSymbolExists.c:
/* */
#include <pthread.h>

int main(int argc, char** argv)
{
  (void)argv;
#ifndef pthread_create
  return ((int*)(&pthread_create))[argc];
#else
  (void)argc;
  return 0;
#endif
}

Determining if the function pthread_create exists in the pthreads failed with the following output:
Change Dir: /home/robotics/ChrisEitutis/IGVC/rosTutorial/catkin_ws/build/CMakeFiles/CMakeTmp

Run Build Command:"/usr/bin/make" "cmTC_37e1f/fast"
/usr/bin/make -f CMakeFiles/cmTC_37e1f.dir/build.make CMakeFiles/cmTC_37e1f.dir/build
make[1]: Entering directory '/home/robotics/ChrisEitutis/IGVC/rosTutorial/catkin_ws/build/CMakeFiles/CMakeTmp'
Building C object CMakeFiles/cmTC_37e1f.dir/CheckFunctionExists.c.o
/usr/bin/cc    -DCHECK_FUNCTION_EXISTS=pthread_create   -o CMakeFiles/cmTC_37e1f.dir/CheckFunctionExists.c.o   -c /usr/share/cmake-3.5/Modules/CheckFunctionExists.c
Linking C executable cmTC_37e1f
/usr/bin/cmake -E cmake_link_script CMakeFiles/cmTC_37e1f.dir/link.txt --verbose=1
/usr/bin/cc   -DCHECK_FUNCTION_EXISTS=pthread_create    CMakeFiles/cmTC_37e1f.dir/CheckFunctionExists.c.o  -o cmTC_37e1f -rdynamic -lpthreads 
/usr/bin/ld: cannot find -lpthreads
collect2: error: ld returned 1 exit status
CMakeFiles/cmTC_37e1f.dir/build.make:97: recipe for target 'cmTC_37e1f' failed
make[1]: *** [cmTC_37e1f] Error 1
make[1]: Leaving directory '/home/robotics/ChrisEitutis/IGVC/rosTutorial/catkin_ws/build/CMakeFiles/CMakeTmp'
Makefile:126: recipe for target 'cmTC_37e1f/fast' failed
make: *** [cmTC_37e1f/fast] Error 2


